<?xml version="1.0" encoding="UTF-8"?>
<!-- Generated by org.testng.reporters.JUnitXMLReporter -->
<testsuite ignored="0" hostname="DESKTOP-BCCK5OF" failures="0" tests="4" name="Test" time="55.565" errors="0" timestamp="2023-01-25T14:48:09 IST">
  <testcase classname="Login_Page_Test.Login_Page_Test" name="Title_Test" time="0.477"/>
  <testcase classname="Login_Page_Test.Login_Page_Test" name="Login_Test" time="11.128"/>
  <testcase classname="Login_Page_Test.Homework_Page_Test" name="HomeWork_Page_Test" time="4.653"/>
  <testcase classname="Login_Page_Test.Transport_Page_Test" name="Transport_Page" time="3.598"/>
</testsuite> <!-- Test -->
